20210606232800-Balance:
   BTC 0.00000007
   ADA 1.38813464
   ETH 0.00000000
   EUR 55.00709900
20210606232800-P&L:
   P&L= 0
20210606232801-Orders:
[]
[]
[]
20210606232803-Trades:
   ordernumber:1
      symbol:ADAEUR
      id:8870405
      orderid:106917863
      price:1.42070000
      qty:227.61000000
      isBuyer:True
       ---
   ordernumber:2
      symbol:ADAEUR
      id:8870406
      orderid:106917863
      price:1.42070000
      qty:32.82000000
      isBuyer:True
       ---
20210606232805-*********
***** ADAEUR *******
iteracion:1
Actual MA50 1.38
Actual Price 1.38
Price to Buy 1.38
tendencia alcista False
20210606232805-*********
TENDENCIA BAJISTA
20210606232817-*********
***** ADAEUR *******
iteracion:2
Actual MA50 1.38
Actual Price 1.38
Price to Buy 1.38
tendencia alcista False
20210606232817-*********
TENDENCIA BAJISTA
20210606232829-*********
***** ADAEUR *******
iteracion:3
Actual MA50 1.38
Actual Price 1.38
Price to Buy 1.38
tendencia alcista False
20210606232829-*********
TENDENCIA BAJISTA
20210606232841-*********
***** ADAEUR *******
iteracion:4
Actual MA50 1.38
Actual Price 1.38
Price to Buy 1.38
tendencia alcista False
20210606232841-*********
TENDENCIA BAJISTA
20210606232853-*********
***** ADAEUR *******
iteracion:5
Actual MA50 1.38
Actual Price 1.38
Price to Buy 1.38
tendencia alcista False
20210606232853-*********
TENDENCIA BAJISTA
20210606232906-*********
***** ADAEUR *******
iteracion:6
Actual MA50 1.38
Actual Price 1.38
Price to Buy 1.38
tendencia alcista False
20210606232906-*********
TENDENCIA BAJISTA
20210606232918-*********
***** ADAEUR *******
iteracion:7
Actual MA50 1.38
Actual Price 1.38
Price to Buy 1.38
tendencia alcista False
20210606232918-*********
TENDENCIA BAJISTA
20210606232930-*********
***** ADAEUR *******
iteracion:8
Actual MA50 1.38
Actual Price 1.38
Price to Buy 1.38
tendencia alcista False
20210606232930-*********
TENDENCIA BAJISTA
20210606232943-*********
***** ADAEUR *******
iteracion:9
Actual MA50 1.38
Actual Price 1.38
Price to Buy 1.38
tendencia alcista False
20210606232943-*********
TENDENCIA BAJISTA
20210606232955-*********
***** ADAEUR *******
iteracion:10
Actual MA50 1.38
Actual Price 1.38
Price to Buy 1.38
tendencia alcista False
20210606232955-*********
TENDENCIA BAJISTA
20210606233007-*********
***** ADAEUR *******
iteracion:11
Actual MA50 1.38
Actual Price 1.38
Price to Buy 1.37
tendencia alcista False
20210606233007-*********
TENDENCIA BAJISTA
20210606233019-*********
***** ADAEUR *******
iteracion:12
Actual MA50 1.38
Actual Price 1.38
Price to Buy 1.37
tendencia alcista False
20210606233019-*********
TENDENCIA BAJISTA
20210606233031-*********
***** ADAEUR *******
iteracion:13
Actual MA50 1.38
Actual Price 1.38
Price to Buy 1.37
tendencia alcista False
20210606233031-*********
TENDENCIA BAJISTA
20210606233043-*********
***** ADAEUR *******
iteracion:14
Actual MA50 1.38
Actual Price 1.38
Price to Buy 1.37
tendencia alcista False
20210606233043-*********
TENDENCIA BAJISTA
20210606233055-*********
***** ADAEUR *******
iteracion:15
Actual MA50 1.38
Actual Price 1.38
Price to Buy 1.37
tendencia alcista False
20210606233055-*********
TENDENCIA BAJISTA
20210606233108-*********
***** ADAEUR *******
iteracion:16
Actual MA50 1.38
Actual Price 1.38
Price to Buy 1.37
tendencia alcista False
20210606233108-*********
TENDENCIA BAJISTA
20210606233120-*********
***** ADAEUR *******
iteracion:17
Actual MA50 1.38
Actual Price 1.38
Price to Buy 1.37
tendencia alcista False
20210606233120-*********
TENDENCIA BAJISTA
20210606233131-*********
***** ADAEUR *******
iteracion:18
Actual MA50 1.38
Actual Price 1.38
Price to Buy 1.37
tendencia alcista False
20210606233131-*********
TENDENCIA BAJISTA
20210606233144-*********
***** ADAEUR *******
iteracion:19
Actual MA50 1.38
Actual Price 1.38
Price to Buy 1.37
tendencia alcista False
20210606233144-*********
TENDENCIA BAJISTA
